<?xml version="1.0" encoding="UTF-8"?>
<!-- Generated by org.testng.reporters.JUnitReportReporter -->
<testsuite hostname="LAPTOP-3K8B2CF7" failures="0" tests="4" name="api.test.TestEndpoints" time="29.427" errors="0" timestamp="2022-11-07T15:03:40 IST" skipped="0">
  <testcase classname="api.test.TestEndpoints" name="testPostUser" time="7.901"/>
  <system-out/>
  <testcase classname="api.test.TestEndpoints" name="testGetUserByName" time="6.438"/>
  <system-out/>
  <testcase classname="api.test.TestEndpoints" name="testUpdateUserByName" time="10.143"/>
  <system-out/>
  <testcase classname="api.test.TestEndpoints" name="testDeleteUserByName" time="4.945"/>
  <system-out/>
</testsuite> <!-- api.test.TestEndpoints -->
